[debug] [2022-07-17T15:56:39.627Z] ----------------------------------------------------------------------
[debug] [2022-07-17T15:56:39.629Z] Command:       C:\Program Files\nodejs\node.exe C:\Users\Dell\AppData\Roaming\npm\node_modules\firebase-tools\lib\bin\firebase.js init
[debug] [2022-07-17T15:56:39.629Z] CLI Version:   11.2.2
[debug] [2022-07-17T15:56:39.629Z] Platform:      win32
[debug] [2022-07-17T15:56:39.630Z] Node Version:  v16.15.0
[debug] [2022-07-17T15:56:39.631Z] Time:          Sun Jul 17 2022 21:26:39 GMT+0530 (India Standard Time)
[debug] [2022-07-17T15:56:39.631Z] ----------------------------------------------------------------------
[debug] 
[debug] [2022-07-17T15:56:39.640Z] > command requires scopes: ["email","openid","https://www.googleapis.com/auth/cloudplatformprojects.readonly","https://www.googleapis.com/auth/firebase","https://www.googleapis.com/auth/cloud-platform"]
[debug] [2022-07-17T15:56:39.640Z] > authorizing via signed-in user (abhaym1205@gmail.com)
[info] 
     ######## #### ########  ######## ########     ###     ######  ########
     ##        ##  ##     ## ##       ##     ##  ##   ##  ##       ##
     ######    ##  ########  ######   ########  #########  ######  ######
     ##        ##  ##    ##  ##       ##     ## ##     ##       ## ##
     ##       #### ##     ## ######## ########  ##     ##  ######  ########

You're about to initialize a Firebase project in this directory:

  D:\appdev\ema

[debug] [2022-07-17T16:48:00.503Z] Error: kill ENOSYS
    at process.kill (node:internal/process/per_thread:220:13)
    at process.listener (C:\Users\Dell\AppData\Roaming\npm\node_modules\firebase-tools\node_modules\signal-exit\index.js:95:15)
    at process.emit (node:events:527:28)
[error] 
[error] Error: An unexpected error has occurred.
